app/build/intermediates/manifest_merge_blame_file/release/manifest-merger-blame-release-report.txt
1<?xml version="1.0" encoding="utf-8"?>
2<manifest xmlns:android="http://schemas.android.com/apk/res/android"
3    package="com.books.orders"
4    android:versionCode="1"
5    android:versionName="1.0" >
6
7    <uses-sdk
8        android:minSdkVersion="21"
8-->src\main\AndroidManifest.xml
9        android:targetSdkVersion="29" />
9-->src\main\AndroidManifest.xml
10
11    <uses-permission android:name="android.permission.ACCESS_NETWORK_STATE" />
11-->src\main\AndroidManifest.xml:34:5-79
11-->src\main\AndroidManifest.xml:34:22-76
12    <uses-permission android:name="android.permission.ACCESS_WIFI_STATE" />
12-->src\main\AndroidManifest.xml:35:5-76
12-->src\main\AndroidManifest.xml:35:22-73
13    <uses-permission android:name="android.permission.CHANGE_WIFI_STATE" />
13-->src\main\AndroidManifest.xml:36:5-76
13-->src\main\AndroidManifest.xml:36:22-73
14    <uses-permission android:name="android.permission.INTERNET" />
14-->src\main\AndroidManifest.xml:37:5-67
14-->src\main\AndroidManifest.xml:37:22-64
15
16    <application
16-->src\main\AndroidManifest.xml:6:5-33:19
17        android:name="com.books.orders.commonClass.BooksOrders"
17-->src\main\AndroidManifest.xml:7:9-64
18        android:allowBackup="true"
18-->src\main\AndroidManifest.xml:8:9-35
19        android:appComponentFactory="androidx.core.app.CoreComponentFactory"
19-->[androidx.core:core:1.0.0-rc01] AndroidManifest.xml:22:18-86
20        android:icon="@mipmap/justbookimage"
20-->src\main\AndroidManifest.xml:9:9-45
21        android:label="@string/app_name"
21-->src\main\AndroidManifest.xml:10:9-41
22        android:roundIcon="@mipmap/justbookimage"
22-->src\main\AndroidManifest.xml:11:9-50
23        android:screenOrientation="portrait"
23-->src\main\AndroidManifest.xml:12:9-45
24        android:supportsRtl="true"
24-->src\main\AndroidManifest.xml:13:9-35
25        android:theme="@style/NoActionBarTheme1"
25-->src\main\AndroidManifest.xml:14:9-49
26        android:usesCleartextTraffic="true" >
26-->src\main\AndroidManifest.xml:15:9-44
27        <activity android:name="com.books.orders.activity.BooksDetails" />
27-->src\main\AndroidManifest.xml:17:9-84
27-->src\main\AndroidManifest.xml:17:19-72
28        <activity
28-->src\main\AndroidManifest.xml:18:9-26:20
29            android:name="com.books.orders.activity.BoockList"
29-->src\main\AndroidManifest.xml:19:13-63
30            android:screenOrientation="portrait" >
30-->src\main\AndroidManifest.xml:20:13-49
31            <intent-filter>
31-->src\main\AndroidManifest.xml:21:13-25:29
32                <action android:name="android.intent.action.MAIN" />
32-->src\main\AndroidManifest.xml:22:17-69
32-->src\main\AndroidManifest.xml:22:25-66
33
34                <category android:name="android.intent.category.LAUNCHER" />
34-->src\main\AndroidManifest.xml:24:17-77
34-->src\main\AndroidManifest.xml:24:27-74
35            </intent-filter>
36        </activity>
37
38        <receiver android:name="com.books.orders.internetConnectivity.InternetConnectivityReceiver" />
38-->src\main\AndroidManifest.xml:28:9-103
38-->src\main\AndroidManifest.xml:28:19-100
39
40        <uses-library
40-->src\main\AndroidManifest.xml:30:9-32:40
41            android:name="org.apache.http.legacy"
41-->src\main\AndroidManifest.xml:31:13-50
42            android:required="false" />
42-->src\main\AndroidManifest.xml:32:13-37
43    </application>
44
45</manifest>